#
# There is insufficient memory for the Java Runtime Environment to continue.
# Native memory allocation (malloc) failed to allocate 523376 bytes for Chunk::new
# Possible reasons:
#   The system is out of physical RAM or swap space
#   The process is running with CompressedOops enabled, and the Java Heap may be blocking the growth of the native heap
# Possible solutions:
#   Reduce memory load on the system
#   Increase physical memory or swap space
#   Check if swap backing store is full
#   Decrease Java heap size (-Xmx/-Xms)
#   Decrease number of Java threads
#   Decrease Java thread stack sizes (-Xss)
#   Set larger code cache with -XX:ReservedCodeCacheSize=
#   JVM is running with Unscaled Compressed Oops mode in which the Java heap is
#     placed in the first 4GB address space. The Java Heap base address is the
#     maximum limit for the native heap growth. Please use -XX:HeapBaseMinAddress
#     to set the Java Heap base and to place the Java Heap above 4GB virtual address.
# This output file may be truncated or incomplete.
#
#  Out of Memory Error (allocation.cpp:389), pid=24696, tid=0x00000000000036b4
#
# JRE version: Java(TM) SE Runtime Environment (8.0_241-b07) (build 1.8.0_241-b07)
# Java VM: Java HotSpot(TM) 64-Bit Server VM (25.241-b07 mixed mode windows-amd64 compressed oops)
# Failed to write core dump. Minidumps are not enabled by default on client versions of Windows
#

---------------  T H R E A D  ---------------

Current thread (0x000000001a03c800):  JavaThread "C2 CompilerThread2" daemon [_thread_in_native, id=14004, stack(0x000000001aa80000,0x000000001ab80000)]

Stack: [0x000000001aa80000,0x000000001ab80000]
[error occurred during error reporting (printing stack bounds), id 0xc0000005]

Native frames: (J=compiled Java code, j=interpreted, Vv=VM code, C=native code)


Current CompileTask:
C2:   7452 5280       4       com.sun.tools.javac.jvm.ClassReader::includeClassFile (294 bytes)


---------------  P R O C E S S  ---------------

Java Threads: ( => current thread )
  0x000000001a0dc800 JavaThread "Service Thread" daemon [_thread_blocked, id=1204, stack(0x000000001ac80000,0x000000001ad80000)]
  0x000000001a041000 JavaThread "C1 CompilerThread3" daemon [_thread_blocked, id=17620, stack(0x000000001ab80000,0x000000001ac80000)]
=>0x000000001a03c800 JavaThread "C2 CompilerThread2" daemon [_thread_in_native, id=14004, stack(0x000000001aa80000,0x000000001ab80000)]
  0x000000001a038000 JavaThread "C2 CompilerThread1" daemon [_thread_in_native, id=16656, stack(0x000000001a980000,0x000000001aa80000)]
  0x000000001a035800 JavaThread "C2 CompilerThread0" daemon [_thread_in_native, id=15716, stack(0x000000001a880000,0x000000001a980000)]
  0x000000001a032800 JavaThread "Monitor Ctrl-Break" daemon [_thread_in_native, id=23692, stack(0x000000001a780000,0x000000001a880000)]
  0x000000001a013000 JavaThread "Attach Listener" daemon [_thread_blocked, id=19712, stack(0x000000001a680000,0x000000001a780000)]
  0x000000001a012000 JavaThread "Signal Dispatcher" daemon [_thread_blocked, id=20032, stack(0x000000001a580000,0x000000001a680000)]
  0x0000000019fa1000 JavaThread "Finalizer" daemon [_thread_blocked, id=23224, stack(0x000000001a480000,0x000000001a580000)]
  0x000000001819d800 JavaThread "Reference Handler" daemon [_thread_blocked, id=12628, stack(0x000000001a380000,0x000000001a480000)]
  0x0000000003123800 JavaThread "main" [_thread_in_vm, id=19296, stack(0x0000000002d90000,0x0000000002e90000)]

Other Threads:
  0x0000000018199000 VMThread [stack: 0x0000000019e80000,0x0000000019f80000] [id=17372]
  0x000000001a117000 WatcherThread [stack: 0x000000001ad80000,0x000000001ae80000] [id=15328]

VM state:not at safepoint (normal execution)

VM Mutex/Monitor currently owned by a thread:  ([mutex/lock_event])
[0x0000000003120250] AdapterHandlerLibrary_lock - owner thread: 0x0000000003123800

heap address: 0x0000000081c00000, size: 2020 MB, Compressed Oops mode: 32-bit
Narrow klass base: 0x0000000000000000, Narrow klass shift: 3
Compressed class space size: 1073741824 Address: 0x0000000100000000

Heap:
 PSYoungGen      total 206336K, used 49510K [0x00000000d5f00000, 0x00000000e7800000, 0x0000000100000000)
  eden space 195584K, 19% used [0x00000000d5f00000,0x00000000d84db508,0x00000000e1e00000)
  from space 10752K, 99% used [0x00000000e6d80000,0x00000000e77fe3d0,0x00000000e7800000)
  to   space 15360K, 0% used [0x00000000e5a00000,0x00000000e5a00000,0x00000000e6900000)
 ParOldGen       total 80896K, used 23914K [0x0000000081c00000, 0x0000000086b00000, 0x00000000d5f00000)
  object space 80896K, 29% used [0x0000000081c00000,0x000000008335ab90,0x0000000086b00000)
 Metaspace       used 26619K, capacity 27314K, committed 27520K, reserved 1073152K
  class space    used 3036K, capacity 3197K, committed 3200K, reserved 1048576K

Card table byte_map: [0x00000000125e0000,0x00000000129e0000] byte_map_base: 0x00000000121d2000

Marking Bits: (ParMarkBitMap*) 0x000000005c22be30
 Begin Bits: [0x0000000013490000, 0x0000000015420000)
 End Bits:   [0x0000000015420000, 0x00000000173b0000)

Polling page: 0x0000000000e80000

CodeCache: size=245760Kb used=17295Kb max_used=17295Kb free=228464Kb
 bounds [0x0000000003220000, 0x0000000004320000, 0x0000000012220000]
 total_blobs=5247 nmethods=4814 adapters=344
 compilation: enabled

Compilation events (10 events):
Event: 7.444 Thread 0x000000001a041000 5388       3       com.sun.tools.javac.comp.Resolve$9::access (74 bytes)
Event: 7.444 Thread 0x000000001a041000 nmethod 5388 0x00000000043150d0 code [0x0000000004315260, 0x00000000043156f8]
Event: 7.444 Thread 0x000000001a041000 5389       3       com.sun.tools.javac.util.Assert::checkNull (8 bytes)
Event: 7.444 Thread 0x000000001a041000 nmethod 5389 0x00000000043158d0 code [0x0000000004315a40, 0x0000000004315cc8]
Event: 7.444 Thread 0x000000001a041000 5378       1       com.sun.tools.javac.comp.Flow::access$800 (5 bytes)
Event: 7.444 Thread 0x000000001a041000 nmethod 5378 0x0000000004315e10 code [0x0000000004315f60, 0x0000000004316050]
Event: 7.446 Thread 0x000000001a041000 5390       3       java.util.WeakHashMap::isEmpty (13 bytes)
Event: 7.447 Thread 0x000000001a041000 nmethod 5390 0x00000000043160d0 code [0x0000000004316240, 0x0000000004316568]
Event: 7.447 Thread 0x000000001a041000 5391       3       java.util.WeakHashMap::size (18 bytes)
Event: 7.447 Thread 0x000000001a041000 nmethod 5391 0x0000000004316610 code [0x0000000004316780, 0x0000000004316968]

GC Heap History (10 events):
Event: 3.188 GC heap before
{Heap before GC invocations=5 (full 0):
 PSYoungGen      total 71680K, used 71672K [0x00000000d5f00000, 0x00000000daa00000, 0x0000000100000000)
  eden space 66560K, 100% used [0x00000000d5f00000,0x00000000da000000,0x00000000da000000)
  from space 5120K, 99% used [0x00000000da500000,0x00000000da9fe030,0x00000000daa00000)
  to   space 5120K, 0% used [0x00000000da000000,0x00000000da000000,0x00000000da500000)
 ParOldGen       total 87552K, used 8606K [0x0000000081c00000, 0x0000000087180000, 0x00000000d5f00000)
  object space 87552K, 9% used [0x0000000081c00000,0x0000000082467b18,0x0000000087180000)
 Metaspace       used 16768K, capacity 17148K, committed 17408K, reserved 1064960K
  class space    used 1933K, capacity 2019K, committed 2048K, reserved 1048576K
Event: 3.198 GC heap after
Heap after GC invocations=5 (full 0):
 PSYoungGen      total 71680K, used 5096K [0x00000000d5f00000, 0x00000000df800000, 0x0000000100000000)
  eden space 66560K, 0% used [0x00000000d5f00000,0x00000000d5f00000,0x00000000da000000)
  from space 5120K, 99% used [0x00000000da000000,0x00000000da4fa020,0x00000000da500000)
  to   space 11776K, 0% used [0x00000000dec80000,0x00000000dec80000,0x00000000df800000)
 ParOldGen       total 87552K, used 13355K [0x0000000081c00000, 0x0000000087180000, 0x00000000d5f00000)
  object space 87552K, 15% used [0x0000000081c00000,0x000000008290ae70,0x0000000087180000)
 Metaspace       used 16768K, capacity 17148K, committed 17408K, reserved 1064960K
  class space    used 1933K, capacity 2019K, committed 2048K, reserved 1048576K
}
Event: 3.859 GC heap before
{Heap before GC invocations=6 (full 0):
 PSYoungGen      total 71680K, used 69794K [0x00000000d5f00000, 0x00000000df800000, 0x0000000100000000)
  eden space 66560K, 97% used [0x00000000d5f00000,0x00000000d9e2ea28,0x00000000da000000)
  from space 5120K, 99% used [0x00000000da000000,0x00000000da4fa020,0x00000000da500000)
  to   space 11776K, 0% used [0x00000000dec80000,0x00000000dec80000,0x00000000df800000)
 ParOldGen       total 87552K, used 13355K [0x0000000081c00000, 0x0000000087180000, 0x00000000d5f00000)
  object space 87552K, 15% used [0x0000000081c00000,0x000000008290ae70,0x0000000087180000)
 Metaspace       used 17948K, capacity 18388K, committed 18560K, reserved 1064960K
  class space    used 2047K, capacity 2155K, committed 2176K, reserved 1048576K
Event: 3.874 GC heap after
Heap after GC invocations=6 (full 0):
 PSYoungGen      total 143872K, used 7855K [0x00000000d5f00000, 0x00000000df700000, 0x0000000100000000)
  eden space 133120K, 0% used [0x00000000d5f00000,0x00000000d5f00000,0x00000000de100000)
  from space 10752K, 73% used [0x00000000dec80000,0x00000000df42bf08,0x00000000df700000)
  to   space 11264K, 0% used [0x00000000de100000,0x00000000de100000,0x00000000dec00000)
 ParOldGen       total 87552K, used 32563K [0x0000000081c00000, 0x0000000087180000, 0x00000000d5f00000)
  object space 87552K, 37% used [0x0000000081c00000,0x0000000083bcce90,0x0000000087180000)
 Metaspace       used 17948K, capacity 18388K, committed 18560K, reserved 1064960K
  class space    used 2047K, capacity 2155K, committed 2176K, reserved 1048576K
}
Event: 4.376 GC heap before
{Heap before GC invocations=7 (full 0):
 PSYoungGen      total 143872K, used 68821K [0x00000000d5f00000, 0x00000000df700000, 0x0000000100000000)
  eden space 133120K, 45% used [0x00000000d5f00000,0x00000000d9a89798,0x00000000de100000)
  from space 10752K, 73% used [0x00000000dec80000,0x00000000df42bf08,0x00000000df700000)
  to   space 11264K, 0% used [0x00000000de100000,0x00000000de100000,0x00000000dec00000)
 ParOldGen       total 87552K, used 32563K [0x0000000081c00000, 0x0000000087180000, 0x00000000d5f00000)
  object space 87552K, 37% used [0x0000000081c00000,0x0000000083bcce90,0x0000000087180000)
 Metaspace       used 20608K, capacity 21146K, committed 21248K, reserved 1069056K
  class space    used 2382K, capacity 2524K, committed 2560K, reserved 1048576K
Event: 4.385 GC heap after
Heap after GC invocations=7 (full 0):
 PSYoungGen      total 144384K, used 7191K [0x00000000d5f00000, 0x00000000e7800000, 0x0000000100000000)
  eden space 133120K, 0% used [0x00000000d5f00000,0x00000000d5f00000,0x00000000de100000)
  from space 11264K, 63% used [0x00000000de100000,0x00000000de805f68,0x00000000dec00000)
  to   space 10752K, 0% used [0x00000000e6d80000,0x00000000e6d80000,0x00000000e7800000)
 ParOldGen       total 87552K, used 34232K [0x0000000081c00000, 0x0000000087180000, 0x00000000d5f00000)
  object space 87552K, 39% used [0x0000000081c00000,0x0000000083d6e2a8,0x0000000087180000)
 Metaspace       used 20608K, capacity 21146K, committed 21248K, reserved 1069056K
  class space    used 2382K, capacity 2524K, committed 2560K, reserved 1048576K
}
Event: 4.385 GC heap before
{Heap before GC invocations=8 (full 1):
 PSYoungGen      total 144384K, used 7191K [0x00000000d5f00000, 0x00000000e7800000, 0x0000000100000000)
  eden space 133120K, 0% used [0x00000000d5f00000,0x00000000d5f00000,0x00000000de100000)
  from space 11264K, 63% used [0x00000000de100000,0x00000000de805f68,0x00000000dec00000)
  to   space 10752K, 0% used [0x00000000e6d80000,0x00000000e6d80000,0x00000000e7800000)
 ParOldGen       total 87552K, used 34232K [0x0000000081c00000, 0x0000000087180000, 0x00000000d5f00000)
  object space 87552K, 39% used [0x0000000081c00000,0x0000000083d6e2a8,0x0000000087180000)
 Metaspace       used 20608K, capacity 21146K, committed 21248K, reserved 1069056K
  class space    used 2382K, capacity 2524K, committed 2560K, reserved 1048576K
Event: 4.449 GC heap after
Heap after GC invocations=8 (full 1):
 PSYoungGen      total 144384K, used 0K [0x00000000d5f00000, 0x00000000e7800000, 0x0000000100000000)
  eden space 133120K, 0% used [0x00000000d5f00000,0x00000000d5f00000,0x00000000de100000)
  from space 11264K, 0% used [0x00000000de100000,0x00000000de100000,0x00000000dec00000)
  to   space 10752K, 0% used [0x00000000e6d80000,0x00000000e6d80000,0x00000000e7800000)
 ParOldGen       total 80896K, used 15976K [0x0000000081c00000, 0x0000000086b00000, 0x00000000d5f00000)
  object space 80896K, 19% used [0x0000000081c00000,0x0000000082b9a150,0x0000000086b00000)
 Metaspace       used 20608K, capacity 21146K, committed 21248K, reserved 1069056K
  class space    used 2382K, capacity 2524K, committed 2560K, reserved 1048576K
}
Event: 6.749 GC heap before
{Heap before GC invocations=9 (full 1):
 PSYoungGen      total 144384K, used 133120K [0x00000000d5f00000, 0x00000000e7800000, 0x0000000100000000)
  eden space 133120K, 100% used [0x00000000d5f00000,0x00000000de100000,0x00000000de100000)
  from space 11264K, 0% used [0x00000000de100000,0x00000000de100000,0x00000000dec00000)
  to   space 10752K, 0% used [0x00000000e6d80000,0x00000000e6d80000,0x00000000e7800000)
 ParOldGen       total 80896K, used 15976K [0x0000000081c00000, 0x0000000086b00000, 0x00000000d5f00000)
  object space 80896K, 19% used [0x0000000081c00000,0x0000000082b9a150,0x0000000086b00000)
 Metaspace       used 25357K, capacity 26066K, committed 26240K, reserved 1073152K
  class space    used 2901K, capacity 3101K, committed 3200K, reserved 1048576K
Event: 6.768 GC heap after
Heap after GC invocations=9 (full 1):
 PSYoungGen      total 206336K, used 10744K [0x00000000d5f00000, 0x00000000e7800000, 0x0000000100000000)
  eden space 195584K, 0% used [0x00000000d5f00000,0x00000000d5f00000,0x00000000e1e00000)
  from space 10752K, 99% used [0x00000000e6d80000,0x00000000e77fe3d0,0x00000000e7800000)
  to   space 15360K, 0% used [0x00000000e5a00000,0x00000000e5a00000,0x00000000e6900000)
 ParOldGen       total 80896K, used 23914K [0x0000000081c00000, 0x0000000086b00000, 0x00000000d5f00000)
  object space 80896K, 29% used [0x0000000081c00000,0x000000008335ab90,0x0000000086b00000)
 Metaspace       used 25357K, capacity 26066K, committed 26240K, reserved 1073152K
  class space    used 2901K, capacity 3101K, committed 3200K, reserved 1048576K
}

Deoptimization events (10 events):
Event: 7.232 Thread 0x0000000003123800 Uncommon trap: reason=class_check action=maybe_recompile pc=0x000000000425a60c method=com.sun.tools.javac.code.Type.containsAny(Lcom/sun/tools/javac/util/List;)Z @ 6
Event: 7.332 Thread 0x0000000003123800 Uncommon trap: reason=unstable_if action=reinterpret pc=0x000000000341fb5c method=com.sun.tools.javac.util.Convert.chars2utf([CI[BII)I @ 35
Event: 7.339 Thread 0x0000000003123800 Uncommon trap: reason=unstable_if action=reinterpret pc=0x0000000003acb018 method=com.sun.tools.javac.jvm.ClassReader.readMethod()Lcom/sun/tools/javac/code/Symbol$MethodSymbol; @ 109
Event: 7.351 Thread 0x0000000003123800 Uncommon trap: reason=speculate_class_check action=maybe_recompile pc=0x0000000003a84350 method=com.sun.tools.javac.code.Type.hasTag(Lcom/sun/tools/javac/code/TypeTag;)Z @ 2
Event: 7.351 Thread 0x0000000003123800 Uncommon trap: reason=speculate_class_check action=maybe_recompile pc=0x0000000003a84350 method=com.sun.tools.javac.code.Type.hasTag(Lcom/sun/tools/javac/code/TypeTag;)Z @ 2
Event: 7.353 Thread 0x0000000003123800 Uncommon trap: reason=speculate_class_check action=maybe_recompile pc=0x0000000003a84350 method=com.sun.tools.javac.code.Type.hasTag(Lcom/sun/tools/javac/code/TypeTag;)Z @ 2
Event: 7.396 Thread 0x0000000003123800 Uncommon trap: reason=unstable_if action=reinterpret pc=0x00000000035e0348 method=com.sun.tools.javac.code.Types.isSignaturePolymorphic(Lcom/sun/tools/javac/code/Symbol$MethodSymbol;)Z @ 35
Event: 7.397 Thread 0x0000000003123800 Uncommon trap: reason=speculate_class_check action=maybe_recompile pc=0x00000000041fe6d4 method=com.sun.tools.javac.code.Type.hasTag(Lcom/sun/tools/javac/code/TypeTag;)Z @ 2
Event: 7.401 Thread 0x0000000003123800 Uncommon trap: reason=unstable_if action=reinterpret pc=0x000000000429f318 method=com.sun.tools.javac.util.ListBuffer.append(Ljava/lang/Object;)Lcom/sun/tools/javac/util/ListBuffer; @ 9
Event: 7.406 Thread 0x0000000003123800 Uncommon trap: reason=unstable_if action=reinterpret pc=0x00000000042456d0 method=com.sun.tools.javac.jvm.Code.width(Lcom/sun/tools/javac/code/Type;)I @ 1

Classes redefined (0 events):
No events

Internal exceptions (10 events):
Event: 5.883 Thread 0x0000000003123800 Implicit null exception at 0x0000000003924d55 to 0x0000000003924f4d
Event: 6.242 Thread 0x0000000003123800 Implicit null exception at 0x0000000003fb27ce to 0x0000000003fb2915
Event: 6.245 Thread 0x0000000003123800 Implicit null exception at 0x0000000003fb27ce to 0x0000000003fb2915
Event: 6.245 Thread 0x0000000003123800 Implicit null exception at 0x0000000003fb27ce to 0x0000000003fb2915
Event: 6.247 Thread 0x0000000003123800 Implicit null exception at 0x0000000003faf844 to 0x0000000003faf975
Event: 6.251 Thread 0x0000000003123800 Implicit null exception at 0x0000000003937926 to 0x00000000039379a9
Event: 6.255 Thread 0x0000000003123800 Implicit null exception at 0x000000000381f3a1 to 0x000000000381f467
Event: 6.255 Thread 0x0000000003123800 Exception <a 'java/lang/NullPointerException'> (0x00000000dbfbfc10) thrown at [C:\ade\jenkins\workspace\8-2-build-windows-amd64-cygwin\jdk8u241\331\hotspot\src\share\vm\runtime\sharedRuntime.cpp, line 605]
Event: 6.774 Thread 0x0000000003123800 Implicit null exception at 0x00000000038d31b1 to 0x00000000038d3cf9
Event: 6.774 Thread 0x0000000003123800 Implicit null exception at 0x000000000358c59b to 0x000000000358ca09

Events (10 events):
Event: 7.404 loading class com/sun/tools/javac/tree/TreeInfo$PosKind$3 done
Event: 7.406 Thread 0x0000000003123800 Uncommon trap: trap_request=0xffffff65 fr.pc=0x00000000042456d0
Event: 7.406 Thread 0x0000000003123800 DEOPT PACKING pc=0x00000000042456d0 sp=0x0000000002e8cf10
Event: 7.406 Thread 0x0000000003123800 DEOPT UNPACKING pc=0x000000000326583b sp=0x0000000002e8ceb8 mode 2
Event: 7.435 loading class com/sun/tools/javac/comp/Flow$BaseAnalyzer$JumpKind
Event: 7.435 loading class com/sun/tools/javac/comp/Flow$BaseAnalyzer$JumpKind done
Event: 7.436 loading class com/sun/tools/javac/comp/Flow$BaseAnalyzer$JumpKind$1
Event: 7.436 loading class com/sun/tools/javac/comp/Flow$BaseAnalyzer$JumpKind$1 done
Event: 7.436 loading class com/sun/tools/javac/comp/Flow$BaseAnalyzer$JumpKind$2
Event: 7.436 loading class com/sun/tools/javac/comp/Flow$BaseAnalyzer$JumpKind$2 done


Dynamic libraries:
0x00007ff6d63c0000 - 0x00007ff6d63f7000 	C:\WINDOWS\System32\RPCRT4.dll
0x00007ffd98ef0000 - 0x00007ffd990e7000 	C:\WINDOWS\System32\USER32.dll
0x00007ffd97b60000 - 0x00007ffd97c1d000 	C:\WINDOWS\System32\KERNEL32.l L
0x00007ffd969b0000 - 0x00007ffd96c7d000 	C:\WINDOWS\System32\KERNELBASE.dll
0x00007ffd98e00000 - 0x00007ffd98eae000 	C:\WINDOWS\System32\ADVAPI32.dll
0x00007ffd98d60000 - 0x00007ffd98dfe000 	C:\WINDOWS\System32\gdi32full.dll
0x00007ffd98cc0000 - 0x00007ffd98d5c000 	C:\WINDOWS\System32\msvcp_win.dll
0x00007ffd97c20000 - 0x00007ffd97d45000 	C:\WINDOWS\System32\ucrtbase.dll
0x00007ffd987e0000 - 0x00007ffd98980000 	C:\WINDOWS\WinSxS\amd64_microsoft.windows.common-controls_6595b64144ccf1df_6.0.19041.1110_none_60b5254171f9507e\COMCTL32.dll
0x00007ffd96660000 - 0x00007ffd96682000 	C:\WINDOWS\System32\win32u.dll
0x00007ffd976c0000 - 0x00007ffd976ea000 	C:\WINDOWS\System32\GDI32.dll
0x00007ffd96690000 - 0x00007ffd9679b000 	C:\WINDOWS\System32\gdi32full.dll
0x00007ffd96d10000 - 0x00007ffd96dad000 	C:\WINDOWS\System32\msvcp_win.dll
0x00007ffd96db0000 - 0x00007ffd96eb0000 	C:\WINDOWS\System32\ucrtbase.dll
0x00007ffd842b0000 - 0x00007ffd8454a000 	C:\WINDOWS\WinSxS\amd64_microsoft.windows.common-controls_6595b64144ccf1df_6.0.19041.1110_none_60b5254171f9507e\COMCTL32.dll
0x00007ffd96f70000 - 0x00007ffd96fa0000 	C:\WINDOWS\System32\IMM32.DLL
0x0000000058980000 - 0x0000000058a52000 	C:\jdk-8u241-windows-x64\jre\bin\msvcr100.dll
0x000000005ba00000 - 0x000000005c2ac000 	C:\jdk-8u241-windows-x64\jre\bin\server\jvm.dll
0x00007ffd96f50000 - 0x00007ffd96f58000 	C:\WINDOWS\System32\PSAPI.DLL
0x00007ffd81f70000 - 0x00007ffd81f79000 	C:\WINDOWS\SYSTEM32\WSOCK32.dll
0x00007ffd85f70000 - 0x00007ffd85f97000 	C:\WINDOWS\SYSTEM32\WINMM.dll
0x00007ffd97650000 - 0x00007ffd976bb000 	C:\WINDOWS\System32\WS2_32.dll
0x00007ffd89aa0000 - 0x00007ffd89aaa000 	C:\WINDOWS\SYSTEM32\VERSION.dll
0x00007ffd7efd0000 - 0x00007ffd7efdf000 	C:\WINDOWS\System32\KERNELBASE.dll
0x00007ffd7dac0000 - 0x00007ffd7dae9000 	C:\WINDOWS\System32\sechost.dll
0x00007ffd620a0000 - 0x00007ffd620c3000 	C:\WINDOWS\System32\win32u.dll
0x00007ffd7dc70000 - 0x00007ffd7dc86000 	C:\WINDOWS\System32\gdi32full.dll
0x00007ffd97d50000 - 0x00007ffd98494000 	C:\WINDOWS\System32\ucrtbase.dll
0x00007ffd945b0000 - 0x00007ffd94d44000 	C:\WINDOWS\SYSTEM32\windows.storage.dll
0x00007ffd971f0000 - 0x00007ffd97544000 	C:\jdk-8u241-windows-x64\jre\bin\msvcr100.dll
0x00007ffd95ec0000 - 0x00007ffd95eec000 	C:\jdk-8u241-windows-x64\jre\bin\server\jvm.dll
0x00007ffd96fa0000 - 0x00007ffd9704d000 	C:\WINDOWS\System32\PSAPI.DLL
0x00007ffd98980000 - 0x00007ffd989d5000 	C:\WINDOWS\System32\shlwapi.dll
0x00007ffd96550000 - 0x00007ffd9656f000 	C:\WINDOWS\SYSTEM32\WINMM.dll
0x00007ffd84a00000 - 0x00007ffd84a1a000 	C:\WINDOWS\System32\WS2_32.dll
0x00007ffd7b030000 - 0x00007ffd7b04a000 	C:\WINDOWS\SYSTEM32\VERSION.dll
0x00007ffd95ca0000 - 0x00007ffd95d0a000 	C:\WINDOWS\system32\mswsock.dll
0x00007ffd95f00000 - 0x00007ffd95f18000 	C:\WINDOWS\SYSTEM32\CRYPTSP.dll
0x00007ffd95640000 - 0x00007ffd95674000 	C:\WINDOWS\system32\rsaenh.dll
0x00007ffd96f20000 - 0x00007ffd96f47000 	C:\WINDOWS\System32\bcrypt.dll
0x00007ffd964d0000 - 0x00007ffd964fe000 	C:\WINDOWS\SYSTEM32\USERENV.dll
0x00007ffd96c80000 - 0x00007ffd96d02000 	C:\jdk-8u241-windows-x64\jre\bin\verify.dll
0x00007ffd95e30000 - 0x00007ffd95e3c000 	C:\WINDOWS\SYSTEM32\CRYPTBASE.dll
0x00007ffd959b0000 - 0x00007ffd959eb000 	C:\WINDOWS\SYSTEM32\IPHLPAPI.DLL
0x00007ffd96f60000 - 0x00007ffd96f68000 	C:\jdk-8u241-windows-x64\jre\bin\zip.dll
0x00007ffd8d2d0000 - 0x00007ffd8d2e7000 	C:\WINDOWS\SYSTEM32\dhcpcsvc6.DLL
0x00007ffd8d2b0000 - 0x00007ffd8d2cd000 	C:\jdk-8u241-windows-x64\bin\java.exe
0x00007ffd959f0000 - 0x00007ffd95abb000 	C:\WINDOWS\System32\msvcrt.dll
0x00007ffd7b010000 - 0x00007ffd7b022000 	C:\WINDOWS\System32\USER32.dll
0x00007ffd91b60000 - 0x00007ffd91b6a000 	C:\WINDOWS\System32\GDI32.dll
0x00007ffd84b00000 - 0x00007ffd84b0a000 	C:\WINDOWS\System32\msvcp_win.dll

VM Arguments:
jvm_args: -Dmaven.multiModuleProjectDirectory=X:\ideaworkspace\uploadfile -Dmaven.home=D:\IntelliJ IDEA 2020.3.3\plugins\maven\lib\maven3 -Dclassworlds.conf=D:\IntelliJ IDEA 2020.3.3\plugins\maven\lib\maven3\bin\m2.conf -Dmaven.ext.class.path=D:\IntelliJ IDEA 2020.3.3\plugins\maven\lib\maven-event-listener.jar -javaagent:D:\IntelliJ IDEA 2020.3.3\lib\idea_rt.jar=63110:D:\IntelliJ IDEA 2020.3.3\bin -Dfile.encoding=UTF-8 
java_command: org.codehaus.classworlds.Launcher -Didea.version=2020.3.3 install
java_class_path (initial): D:\IntelliJ IDEA 2020.3.3\plugins\maven\lib\maven3\boot\plexus-classworlds-2.6.0.jar;D:\IntelliJ IDEA 2020.3.3\plugins\maven\lib\maven3\boot\plexus-classworlds.license;D:\IntelliJ IDEA 2020.3.3\lib\idea_rt.jar
Launcher Type: SUN_STANDARD

Environment Variables:
JAVA_HOME=C:\jdk-8u241-windows-x64
USERNAME=86158
OS=Windows_NT
PROCESSOR_IDENTIFIER=Intel64 Family 6 Model 142 Stepping 10, GenuineIntel



---------------  S Y S T E M  ---------------

OS: Windows 10.0 , 64 bit Build 19041 (10.0.19041.1741)

CPU:total 8 (initial active 8) (4 cores per cpu, 2 threads per core) family 6 model 142 stepping 10, cmov, cx8, fxsr, mmx, sse, sse2, sse3, ssse3, sse4.1, sse4.2, popcnt, avx, avx2, aes, clmul, erms, 3dnowpref, lzcnt, ht, tsc, tscinvbit, bmi1, bmi2, adx

Memory: 4k page, physical 8268520k(779012k free), swap 12743120k(5212k free)

vm_info: Java HotSpot(TM) 64-Bit Server VM (25.241-b07) for windows-amd64 JRE (1.8.0_241-b07), built on Dec 11 2019 10:21:40 by "rejava" with MS VC++ 10.0 (VS2010)

time: Sat Jul 09 08:31:48 2022
timezone: 中国标准时间
elapsed time: 7 seconds (0d 0h 0m 7s)

